This is pdfTeX, Version 3.1415926-2.3-1.40.12 (MiKTeX 2.9 64-bit) (preloaded format=pdflatex 2013.11.1)  8 AUG 2014 18:15
entering extended mode
**tesi.tex
(C:\Users\Maurizio2\Desktop\tesi_Mau_v.08\tesi-template\tesi.tex
LaTeX2e <2011/06/27>
Babel <v3.8m> and hyphenation patterns for english, afrikaans, ancientgreek, ar
abic, armenian, assamese, basque, bengali, bokmal, bulgarian, catalan, coptic, 
croatian, czech, danish, dutch, esperanto, estonian, farsi, finnish, french, ga
lician, german, german-x-2009-06-19, greek, gujarati, hindi, hungarian, iceland
ic, indonesian, interlingua, irish, italian, kannada, kurmanji, lao, latin, lat
vian, lithuanian, malayalam, marathi, mongolian, mongolianlmc, monogreek, ngerm
an, ngerman-x-2009-06-19, nynorsk, oriya, panjabi, pinyin, polish, portuguese, 
romanian, russian, sanskrit, serbian, slovak, slovenian, spanish, swedish, swis
sgerman, tamil, telugu, turkish, turkmen, ukenglish, ukrainian, uppersorbian, u
senglishmax, welsh, loaded.
("C:\Program Files\MiKTeX 2.9\tex\latex\base\book.cls"
Document Class: book 2007/10/19 v1.4h Standard LaTeX document class
("C:\Program Files\MiKTeX 2.9\tex\latex\base\bk10.clo"
File: bk10.clo 2007/10/19 v1.4h Standard LaTeX file (size option)
)
\c@part=\count79
\c@chapter=\count80
\c@section=\count81
\c@subsection=\count82
\c@subsubsection=\count83
\c@paragraph=\count84
\c@subparagraph=\count85
\c@figure=\count86
\c@table=\count87
\abovecaptionskip=\skip41
\belowcaptionskip=\skip42
\bibindent=\dimen102
)
("C:\Program Files\MiKTeX 2.9\tex\latex\base\inputenc.sty"
Package: inputenc 2008/03/30 v1.1d Input encoding file
\inpenc@prehook=\toks14
\inpenc@posthook=\toks15

("C:\Program Files\MiKTeX 2.9\tex\latex\base\utf8.def"
File: utf8.def 2008/04/05 v1.1m UTF-8 support for inputenc
Now handling font encoding OML ...
... no UTF-8 mapping file for font encoding OML
Now handling font encoding T1 ...
... processing UTF-8 mapping file for font encoding T1

("C:\Program Files\MiKTeX 2.9\tex\latex\base\t1enc.dfu"
File: t1enc.dfu 2008/04/05 v1.1m UTF-8 support for inputenc
   defining Unicode char U+00A1 (decimal 161)
   defining Unicode char U+00A3 (decimal 163)
   defining Unicode char U+00AB (decimal 171)
   defining Unicode char U+00BB (decimal 187)
   defining Unicode char U+00BF (decimal 191)
   defining Unicode char U+00C0 (decimal 192)
   defining Unicode char U+00C1 (decimal 193)
   defining Unicode char U+00C2 (decimal 194)
   defining Unicode char U+00C3 (decimal 195)
   defining Unicode char U+00C4 (decimal 196)
   defining Unicode char U+00C5 (decimal 197)
   defining Unicode char U+00C6 (decimal 198)
   defining Unicode char U+00C7 (decimal 199)
   defining Unicode char U+00C8 (decimal 200)
   defining Unicode char U+00C9 (decimal 201)
   defining Unicode char U+00CA (decimal 202)
   defining Unicode char U+00CB (decimal 203)
   defining Unicode char U+00CC (decimal 204)
   defining Unicode char U+00CD (decimal 205)
   defining Unicode char U+00CE (decimal 206)
   defining Unicode char U+00CF (decimal 207)
   defining Unicode char U+00D0 (decimal 208)
   defining Unicode char U+00D1 (decimal 209)
   defining Unicode char U+00D2 (decimal 210)
   defining Unicode char U+00D3 (decimal 211)
   defining Unicode char U+00D4 (decimal 212)
   defining Unicode char U+00D5 (decimal 213)
   defining Unicode char U+00D6 (decimal 214)
   defining Unicode char U+00D8 (decimal 216)
   defining Unicode char U+00D9 (decimal 217)
   defining Unicode char U+00DA (decimal 218)
   defining Unicode char U+00DB (decimal 219)
   defining Unicode char U+00DC (decimal 220)
   defining Unicode char U+00DD (decimal 221)
   defining Unicode char U+00DE (decimal 222)
   defining Unicode char U+00DF (decimal 223)
   defining Unicode char U+00E0 (decimal 224)
   defining Unicode char U+00E1 (decimal 225)
   defining Unicode char U+00E2 (decimal 226)
   defining Unicode char U+00E3 (decimal 227)
   defining Unicode char U+00E4 (decimal 228)
   defining Unicode char U+00E5 (decimal 229)
   defining Unicode char U+00E6 (decimal 230)
   defining Unicode char U+00E7 (decimal 231)
   defining Unicode char U+00E8 (decimal 232)
   defining Unicode char U+00E9 (decimal 233)
   defining Unicode char U+00EA (decimal 234)
   defining Unicode char U+00EB (decimal 235)
   defining Unicode char U+00EC (decimal 236)
   defining Unicode char U+00ED (decimal 237)
   defining Unicode char U+00EE (decimal 238)
   defining Unicode char U+00EF (decimal 239)
   defining Unicode char U+00F0 (decimal 240)
   defining Unicode char U+00F1 (decimal 241)
   defining Unicode char U+00F2 (decimal 242)
   defining Unicode char U+00F3 (decimal 243)
   defining Unicode char U+00F4 (decimal 244)
   defining Unicode char U+00F5 (decimal 245)
   defining Unicode char U+00F6 (decimal 246)
   defining Unicode char U+00F8 (decimal 248)
   defining Unicode char U+00F9 (decimal 249)
   defining Unicode char U+00FA (decimal 250)
   defining Unicode char U+00FB (decimal 251)
   defining Unicode char U+00FC (decimal 252)
   defining Unicode char U+00FD (decimal 253)
   defining Unicode char U+00FE (decimal 254)
   defining Unicode char U+00FF (decimal 255)
   defining Unicode char U+0102 (decimal 258)
   defining Unicode char U+0103 (decimal 259)
   defining Unicode char U+0104 (decimal 260)
   defining Unicode char U+0105 (decimal 261)
   defining Unicode char U+0106 (decimal 262)
   defining Unicode char U+0107 (decimal 263)
   defining Unicode char U+010C (decimal 268)
   defining Unicode char U+010D (decimal 269)
   defining Unicode char U+010E (decimal 270)
   defining Unicode char U+010F (decimal 271)
   defining Unicode char U+0110 (decimal 272)
   defining Unicode char U+0111 (decimal 273)
   defining Unicode char U+0118 (decimal 280)
   defining Unicode char U+0119 (decimal 281)
   defining Unicode char U+011A (decimal 282)
   defining Unicode char U+011B (decimal 283)
   defining Unicode char U+011E (decimal 286)
   defining Unicode char U+011F (decimal 287)
   defining Unicode char U+0130 (decimal 304)
   defining Unicode char U+0131 (decimal 305)
   defining Unicode char U+0132 (decimal 306)
   defining Unicode char U+0133 (decimal 307)
   defining Unicode char U+0139 (decimal 313)
   defining Unicode char U+013A (decimal 314)
   defining Unicode char U+013D (decimal 317)
   defining Unicode char U+013E (decimal 318)
   defining Unicode char U+0141 (decimal 321)
   defining Unicode char U+0142 (decimal 322)
   defining Unicode char U+0143 (decimal 323)
   defining Unicode char U+0144 (decimal 324)
   defining Unicode char U+0147 (decimal 327)
   defining Unicode char U+0148 (decimal 328)
   defining Unicode char U+014A (decimal 330)
   defining Unicode char U+014B (decimal 331)
   defining Unicode char U+0150 (decimal 336)
   defining Unicode char U+0151 (decimal 337)
   defining Unicode char U+0152 (decimal 338)
   defining Unicode char U+0153 (decimal 339)
   defining Unicode char U+0154 (decimal 340)
   defining Unicode char U+0155 (decimal 341)
   defining Unicode char U+0158 (decimal 344)
   defining Unicode char U+0159 (decimal 345)
   defining Unicode char U+015A (decimal 346)
   defining Unicode char U+015B (decimal 347)
   defining Unicode char U+015E (decimal 350)
   defining Unicode char U+015F (decimal 351)
   defining Unicode char U+0160 (decimal 352)
   defining Unicode char U+0161 (decimal 353)
   defining Unicode char U+0162 (decimal 354)
   defining Unicode char U+0163 (decimal 355)
   defining Unicode char U+0164 (decimal 356)
   defining Unicode char U+0165 (decimal 357)
   defining Unicode char U+016E (decimal 366)
   defining Unicode char U+016F (decimal 367)
   defining Unicode char U+0170 (decimal 368)
   defining Unicode char U+0171 (decimal 369)
   defining Unicode char U+0178 (decimal 376)
   defining Unicode char U+0179 (decimal 377)
   defining Unicode char U+017A (decimal 378)
   defining Unicode char U+017B (decimal 379)
   defining Unicode char U+017C (decimal 380)
   defining Unicode char U+017D (decimal 381)
   defining Unicode char U+017E (decimal 382)
   defining Unicode char U+200C (decimal 8204)
   defining Unicode char U+2013 (decimal 8211)
   defining Unicode char U+2014 (decimal 8212)
   defining Unicode char U+2018 (decimal 8216)
   defining Unicode char U+2019 (decimal 8217)
   defining Unicode char U+201A (decimal 8218)
   defining Unicode char U+201C (decimal 8220)
   defining Unicode char U+201D (decimal 8221)
   defining Unicode char U+201E (decimal 8222)
   defining Unicode char U+2030 (decimal 8240)
   defining Unicode char U+2031 (decimal 8241)
   defining Unicode char U+2039 (decimal 8249)
   defining Unicode char U+203A (decimal 8250)
   defining Unicode char U+2423 (decimal 9251)
)
Now handling font encoding OT1 ...
... processing UTF-8 mapping file for font encoding OT1

("C:\Program Files\MiKTeX 2.9\tex\latex\base\ot1enc.dfu"
File: ot1enc.dfu 2008/04/05 v1.1m UTF-8 support for inputenc
   defining Unicode char U+00A1 (decimal 161)
   defining Unicode char U+00A3 (decimal 163)
   defining Unicode char U+00B8 (decimal 184)
   defining Unicode char U+00BF (decimal 191)
   defining Unicode char U+00C5 (decimal 197)
   defining Unicode char U+00C6 (decimal 198)
   defining Unicode char U+00D8 (decimal 216)
   defining Unicode char U+00DF (decimal 223)
   defining Unicode char U+00E6 (decimal 230)
   defining Unicode char U+00EC (decimal 236)
   defining Unicode char U+00ED (decimal 237)
   defining Unicode char U+00EE (decimal 238)
   defining Unicode char U+00EF (decimal 239)
   defining Unicode char U+00F8 (decimal 248)
   defining Unicode char U+0131 (decimal 305)
   defining Unicode char U+0141 (decimal 321)
   defining Unicode char U+0142 (decimal 322)
   defining Unicode char U+0152 (decimal 338)
   defining Unicode char U+0153 (decimal 339)
   defining Unicode char U+2013 (decimal 8211)
   defining Unicode char U+2014 (decimal 8212)
   defining Unicode char U+2018 (decimal 8216)
   defining Unicode char U+2019 (decimal 8217)
   defining Unicode char U+201C (decimal 8220)
   defining Unicode char U+201D (decimal 8221)
)
Now handling font encoding OMS ...
... processing UTF-8 mapping file for font encoding OMS

("C:\Program Files\MiKTeX 2.9\tex\latex\base\omsenc.dfu"
File: omsenc.dfu 2008/04/05 v1.1m UTF-8 support for inputenc
   defining Unicode char U+00A7 (decimal 167)
   defining Unicode char U+00B6 (decimal 182)
   defining Unicode char U+00B7 (decimal 183)
   defining Unicode char U+2020 (decimal 8224)
   defining Unicode char U+2021 (decimal 8225)
   defining Unicode char U+2022 (decimal 8226)
)
Now handling font encoding OMX ...
... no UTF-8 mapping file for font encoding OMX
Now handling font encoding U ...
... no UTF-8 mapping file for font encoding U
   defining Unicode char U+00A9 (decimal 169)
   defining Unicode char U+00AA (decimal 170)
   defining Unicode char U+00AE (decimal 174)
   defining Unicode char U+00BA (decimal 186)
   defining Unicode char U+02C6 (decimal 710)
   defining Unicode char U+02DC (decimal 732)
   defining Unicode char U+200C (decimal 8204)
   defining Unicode char U+2026 (decimal 8230)
   defining Unicode char U+2122 (decimal 8482)
   defining Unicode char U+2423 (decimal 9251)
))
("C:\Program Files\MiKTeX 2.9\tex\generic\babel\babel.sty"
Package: babel 2008/07/08 v3.8m The Babel package

*************************************
* Local config file bblopts.cfg used
*
("C:\Program Files\MiKTeX 2.9\tex\latex\00miktex\bblopts.cfg"
File: bblopts.cfg 2006/07/31 v1.0 MiKTeX 'babel' configuration
)
("C:\Program Files\MiKTeX 2.9\tex\generic\babel\english.ldf"
Language: english 2005/03/30 v3.3o English support from the babel system

("C:\Program Files\MiKTeX 2.9\tex\generic\babel\babel.def"
File: babel.def 2008/07/08 v3.8m Babel common definitions
\babel@savecnt=\count88
\U@D=\dimen103
)
\l@canadian = a dialect from \language\l@american 
\l@australian = a dialect from \language\l@british 
\l@newzealand = a dialect from \language\l@british 
)
("C:\Program Files\MiKTeX 2.9\tex\generic\babel\italian.ldf"
Language: italian 2008/03/14 v1.2t Italian support from the babel system
Package babel Info: Making " an active character on input line 94.
Now handling font encoding LGR ...
... no UTF-8 mapping file for font encoding LGR
))
("C:\Program Files\MiKTeX 2.9\tex\latex\oberdiek\bookmark.sty"
Package: bookmark 2011/12/02 v1.24 PDF bookmarks (HO)

("C:\Program Files\MiKTeX 2.9\tex\generic\oberdiek\pdfescape.sty"
Package: pdfescape 2011/11/25 v1.13 Implements pdfTeX's escape features (HO)

("C:\Program Files\MiKTeX 2.9\tex\generic\oberdiek\ltxcmds.sty"
Package: ltxcmds 2011/11/09 v1.22 LaTeX kernel commands for general use (HO)
)
("C:\Program Files\MiKTeX 2.9\tex\generic\oberdiek\pdftexcmds.sty"
Package: pdftexcmds 2011/11/29 v0.20 Utility functions of pdfTeX for LuaTeX (HO
)

("C:\Program Files\MiKTeX 2.9\tex\generic\oberdiek\infwarerr.sty"
Package: infwarerr 2010/04/08 v1.3 Providing info/warning/error messages (HO)
)
("C:\Program Files\MiKTeX 2.9\tex\generic\oberdiek\ifluatex.sty"
Package: ifluatex 2010/03/01 v1.3 Provides the ifluatex switch (HO)
Package ifluatex Info: LuaTeX not detected.
)
("C:\Program Files\MiKTeX 2.9\tex\generic\oberdiek\ifpdf.sty"
Package: ifpdf 2011/01/30 v2.3 Provides the ifpdf switch (HO)
Package ifpdf Info: pdfTeX in PDF mode is detected.
)
Package pdftexcmds Info: LuaTeX not detected.
Package pdftexcmds Info: \pdf@primitive is available.
Package pdftexcmds Info: \pdf@ifprimitive is available.
Package pdftexcmds Info: \pdfdraftmode found.
))
("C:\Program Files\MiKTeX 2.9\tex\generic\ifxetex\ifxetex.sty"
Package: ifxetex 2010/09/12 v0.6 Provides ifxetex conditional
)
("C:\Program Files\MiKTeX 2.9\tex\generic\oberdiek\ifvtex.sty"
Package: ifvtex 2010/03/01 v1.5 Detect VTeX and its facilities (HO)
Package ifvtex Info: VTeX not detected.
)
("C:\Program Files\MiKTeX 2.9\tex\latex\hyperref\hyperref.sty"
Package: hyperref 2012/05/13 v6.82q Hypertext links for LaTeX

("C:\Program Files\MiKTeX 2.9\tex\generic\oberdiek\hobsub-hyperref.sty"
Package: hobsub-hyperref 2012/04/25 v1.12 Bundle oberdiek, subset hyperref (HO)


("C:\Program Files\MiKTeX 2.9\tex\generic\oberdiek\hobsub-generic.sty"
Package: hobsub-generic 2012/04/25 v1.12 Bundle oberdiek, subset generic (HO)
Package: hobsub 2012/04/25 v1.12 Construct package bundles (HO)
Package hobsub Info: Skipping package `infwarerr' (already loaded).
Package hobsub Info: Skipping package `ltxcmds' (already loaded).
Package hobsub Info: Skipping package `ifluatex' (already loaded).
Package hobsub Info: Skipping package `ifvtex' (already loaded).
Package: intcalc 2007/09/27 v1.1 Expandable calculations with integers (HO)
Package hobsub Info: Skipping package `ifpdf' (already loaded).
Package: etexcmds 2011/02/16 v1.5 Avoid name clashes with e-TeX commands (HO)
Package etexcmds Info: Could not find \expanded.
(etexcmds)             That can mean that you are not using pdfTeX 1.50 or
(etexcmds)             that some package has redefined \expanded.
(etexcmds)             In the latter case, load this package earlier.
Package: kvsetkeys 2012/04/25 v1.16 Key value parser (HO)
Package: kvdefinekeys 2011/04/07 v1.3 Define keys (HO)
Package hobsub Info: Skipping package `pdftexcmds' (already loaded).
Package hobsub Info: Skipping package `pdfescape' (already loaded).
Package: bigintcalc 2012/04/08 v1.3 Expandable calculations on big integers (HO
)
Package: bitset 2011/01/30 v1.1 Handle bit-vector datatype (HO)
Package: uniquecounter 2011/01/30 v1.2 Provide unlimited unique counter (HO)
)
Package hobsub Info: Skipping package `hobsub' (already loaded).
Package: letltxmacro 2010/09/02 v1.4 Let assignment for LaTeX macros (HO)
Package: hopatch 2011/06/24 v1.1 Wrapper for package hooks (HO)
Package: xcolor-patch 2011/01/30 xcolor patch
Package: atveryend 2011/06/30 v1.8 Hooks at the very end of document (HO)
Package atveryend Info: \enddocument detected (standard20110627).
Package: atbegshi 2011/10/05 v1.16 At begin shipout hook (HO)
Package: refcount 2011/10/16 v3.4 Data extraction from label references (HO)
Package: hycolor 2011/01/30 v1.7 Color options for hyperref/bookmark (HO)
)
("C:\Program Files\MiKTeX 2.9\tex\latex\graphics\keyval.sty"
Package: keyval 1999/03/16 v1.13 key=value parser (DPC)
\KV@toks@=\toks16
)
("C:\Program Files\MiKTeX 2.9\tex\latex\oberdiek\kvoptions.sty"
Package: kvoptions 2011/06/30 v3.11 Key value format for package options (HO)
)
\@linkdim=\dimen104
\Hy@linkcounter=\count89
\Hy@pagecounter=\count90

("C:\Program Files\MiKTeX 2.9\tex\latex\hyperref\pd1enc.def"
File: pd1enc.def 2012/05/13 v6.82q Hyperref: PDFDocEncoding definition (HO)
Now handling font encoding PD1 ...
... no UTF-8 mapping file for font encoding PD1
)
\Hy@SavedSpaceFactor=\count91

("C:\Program Files\MiKTeX 2.9\tex\latex\00miktex\hyperref.cfg"
File: hyperref.cfg 2002/06/06 v1.2 hyperref configuration of TeXLive
)
Package hyperref Info: Hyper figures OFF on input line 4062.
Package hyperref Info: Link nesting OFF on input line 4067.
Package hyperref Info: Hyper index ON on input line 4070.
Package hyperref Info: Plain pages OFF on input line 4077.
Package hyperref Info: Backreferencing OFF on input line 4082.
Package hyperref Info: Implicit mode ON; LaTeX internals redefined.
Package hyperref Info: Bookmarks ON on input line 4300.
\c@Hy@tempcnt=\count92

("C:\Program Files\MiKTeX 2.9\tex\latex\ltxmisc\url.sty"
\Urlmuskip=\muskip10
Package: url 2006/04/12  ver 3.3  Verb mode for urls, etc.
)
LaTeX Info: Redefining \url on input line 4653.
\Fld@menulength=\count93
\Field@Width=\dimen105
\Fld@charsize=\dimen106
Package hyperref Info: Hyper figures OFF on input line 5773.
Package hyperref Info: Link nesting OFF on input line 5778.
Package hyperref Info: Hyper index ON on input line 5781.
Package hyperref Info: backreferencing OFF on input line 5788.
Package hyperref Info: Link coloring OFF on input line 5793.
Package hyperref Info: Link coloring with OCG OFF on input line 5798.
Package hyperref Info: PDF/A mode OFF on input line 5803.
LaTeX Info: Redefining \ref on input line 5843.
LaTeX Info: Redefining \pageref on input line 5847.
\Hy@abspage=\count94
\c@Item=\count95
\c@Hfootnote=\count96
)

Package hyperref Message: Driver (autodetected): hpdftex.

("C:\Program Files\MiKTeX 2.9\tex\latex\hyperref\hpdftex.def"
File: hpdftex.def 2012/05/13 v6.82q Hyperref driver for pdfTeX
\Fld@listcount=\count97
\c@bookmark@seq@number=\count98

("C:\Program Files\MiKTeX 2.9\tex\latex\oberdiek\rerunfilecheck.sty"
Package: rerunfilecheck 2011/04/15 v1.7 Rerun checks for auxiliary files (HO)
Package uniquecounter Info: New unique counter `rerunfilecheck' on input line 2
82.
)
\Hy@SectionHShift=\skip43
)
("C:\Program Files\MiKTeX 2.9\tex\latex\oberdiek\auxhook.sty"
Package: auxhook 2011/03/04 v1.3 Hooks for auxiliary files (HO)
)
("C:\Program Files\MiKTeX 2.9\tex\latex\oberdiek\bkm-pdftex.def"
File: bkm-pdftex.def 2011/12/02 v1.24 bookmark driver for pdfTeX (HO)
\BKM@id=\count99
))
("C:\Program Files\MiKTeX 2.9\tex\latex\caption\caption.sty"
Package: caption 2012/02/19 v3.2f Customizing captions (AR)

("C:\Program Files\MiKTeX 2.9\tex\latex\caption\caption3.sty"
Package: caption3 2012/01/12 v1.4b caption3 kernel (AR)
\captionmargin=\dimen107
\captionmargin@=\dimen108
\captionwidth=\dimen109
\caption@indent=\dimen110
\caption@parindent=\dimen111
\caption@hangindent=\dimen112
)
\c@ContinuedFloat=\count100
Package caption Info: hyperref package is loaded.
)
("C:\Program Files\MiKTeX 2.9\tex\latex\changepage\chngpage.sty"
Package: chngpage 2009/10/20 v1.2b change page layout
\c@cp@cnt=\count101
\c@cp@tempcnt=\count102
)
("C:\Program Files\MiKTeX 2.9\tex\latex\tools\calc.sty"
Package: calc 2007/08/22 v4.3 Infix arithmetic (KKT,FJ)
\calc@Acount=\count103
\calc@Bcount=\count104
\calc@Adimen=\dimen113
\calc@Bdimen=\dimen114
\calc@Askip=\skip44
\calc@Bskip=\skip45
LaTeX Info: Redefining \setlength on input line 76.
LaTeX Info: Redefining \addtolength on input line 77.
\calc@Ccount=\count105
\calc@Cskip=\skip46
)
("C:\Program Files\MiKTeX 2.9\tex\latex\csquotes\csquotes.sty"
Package: csquotes 2011/10/22 v5.1d context-sensitive quotations

("C:\Program Files\MiKTeX 2.9\tex\latex\etoolbox\etoolbox.sty"
Package: etoolbox 2011/01/03 v2.1 e-TeX tools for LaTeX

("C:\Program Files\MiKTeX 2.9\tex\latex\misc\etex.sty"
Package: etex 1998/03/26 v2.0 eTeX basic definition package (PEB)
\et@xins=\count106
)
\etb@tempcnta=\count107
)
\csq@reset=\count108
\csq@gtype=\count109
\csq@glevel=\count110
\csq@qlevel=\count111
\csq@maxlvl=\count112
\csq@tshold=\count113
\csq@ltx@everypar=\toks17

("C:\Program Files\MiKTeX 2.9\tex\latex\csquotes\csquotes.def"
File: csquotes.def 2011/10/22 v5.1d csquotes generic definitions
)
Package csquotes Info: Trying to load configuration file 'csquotes.cfg'...
Package csquotes Info: ... configuration file loaded successfully.

("C:\Program Files\MiKTeX 2.9\tex\latex\csquotes\csquotes.cfg"
File: csquotes.cfg 
))
("C:\Program Files\MiKTeX 2.9\tex\latex\emptypage\emptypage.sty"
Package: emptypage 2010/05/30 v1.2 Suppress page numbers and headings on empty 
pages
)
("C:\Program Files\MiKTeX 2.9\tex\latex\epigraph\epigraph.sty"
Package: epigraph 2009/09/02 v1.5c typesetting epigraphs
\beforeepigraphskip=\skip47
\afterepigraphskip=\skip48
\epigraphwidth=\skip49
\epigraphrule=\skip50
)
("C:\Program Files\MiKTeX 2.9\tex\latex\eurosym\eurosym.sty"
Package: eurosym 1998/08/06 v1.1 European currency symbol ``Euro''
\@eurobox=\box26
)
("C:\Program Files\MiKTeX 2.9\tex\latex\base\fontenc.sty"
Package: fontenc 2005/09/27 v1.99g Standard LaTeX package

("C:\Program Files\MiKTeX 2.9\tex\latex\base\t1enc.def"
File: t1enc.def 2005/09/27 v1.99g Standard LaTeX file
LaTeX Font Info:    Redeclaring font encoding T1 on input line 43.
))
("C:\Program Files\MiKTeX 2.9\tex\latex\graphics\graphicx.sty"
Package: graphicx 1999/02/16 v1.0f Enhanced LaTeX Graphics (DPC,SPQR)

("C:\Program Files\MiKTeX 2.9\tex\latex\graphics\graphics.sty"
Package: graphics 2009/02/05 v1.0o Standard LaTeX Graphics (DPC,SPQR)

("C:\Program Files\MiKTeX 2.9\tex\latex\graphics\trig.sty"
Package: trig 1999/03/16 v1.09 sin cos tan (DPC)
)
("C:\Program Files\MiKTeX 2.9\tex\latex\00miktex\graphics.cfg"
File: graphics.cfg 2007/01/18 v1.5 graphics configuration of teTeX/TeXLive
)
Package graphics Info: Driver file: pdftex.def on input line 91.

("C:\Program Files\MiKTeX 2.9\tex\latex\pdftex-def\pdftex.def"
File: pdftex.def 2011/05/27 v0.06d Graphics/color for pdfTeX
\Gread@gobject=\count114
))
\Gin@req@height=\dimen115
\Gin@req@width=\dimen116
)
("C:\Program Files\MiKTeX 2.9\tex\latex\listings\listings.sty"
\lst@mode=\count115
\lst@gtempboxa=\box27
\lst@token=\toks18
\lst@length=\count116
\lst@currlwidth=\dimen117
\lst@column=\count117
\lst@pos=\count118
\lst@lostspace=\dimen118
\lst@width=\dimen119
\lst@newlines=\count119
\lst@lineno=\count120
\lst@maxwidth=\dimen120

("C:\Program Files\MiKTeX 2.9\tex\latex\listings\lstmisc.sty"
File: lstmisc.sty 2007/02/22 1.4 (Carsten Heinz)
\c@lstnumber=\count121
\lst@skipnumbers=\count122
\lst@framebox=\box28
)
("C:\Program Files\MiKTeX 2.9\tex\latex\listings\listings.cfg"
File: listings.cfg 2007/02/22 1.4 listings configuration
))
Package: listings 2007/02/22 1.4 (Carsten Heinz)

("C:\Program Files\MiKTeX 2.9\tex\latex\microtype\microtype.sty"
Package: microtype 2010/01/10 v2.4 Micro-typography with pdfTeX (RS)
\MT@toks=\toks19
\MT@count=\count123
LaTeX Info: Redefining \lsstyle on input line 1597.
LaTeX Info: Redefining \lslig on input line 1597.
\MT@outer@space=\skip51
LaTeX Info: Redefining \textls on input line 1605.
\MT@outer@kern=\dimen121
LaTeX Info: Redefining \textmicrotypecontext on input line 2156.
Package microtype Info: Loading configuration file microtype.cfg.

("C:\Program Files\MiKTeX 2.9\tex\latex\microtype\microtype.cfg"
File: microtype.cfg 2010/01/10 v2.4 microtype main configuration file (RS)
))
("C:\Program Files\MiKTeX 2.9\tex\latex\mparhack\mparhack.sty"
Package: mparhack 2005/04/17 v1.4 (T. Sgouros and S. Ulrich)
)
("C:\Program Files\MiKTeX 2.9\tex\latex\base\fixltx2e.sty"
Package: fixltx2e 2006/09/13 v1.1m fixes to LaTeX
LaTeX Info: Redefining \em on input line 420.
)
("C:\Program Files\MiKTeX 2.9\tex\latex\ltxmisc\relsize.sty"
Package: relsize 2003/07/04 ver 3.1
)
("C:\Program Files\MiKTeX 2.9\tex\latex\hyperref\nameref.sty"
Package: nameref 2010/04/30 v2.40 Cross-referencing by name of section

("C:\Program Files\MiKTeX 2.9\tex\generic\oberdiek\gettitlestring.sty"
Package: gettitlestring 2010/12/03 v1.4 Cleanup title references (HO)
)
\c@section@level=\count124
)
("C:\Program Files\MiKTeX 2.9\tex\latex\quoting\quoting.sty"
Package: quoting 2012/02/21 v0.1b Consolidated environment for displayed text
\quo@toppartop=\skip52
)
("C:\Program Files\MiKTeX 2.9\tex\latex\subfig\subfig.sty"
Package: subfig 2005/06/28 ver: 1.3 subfig package
\c@KVtest=\count125
\sf@farskip=\skip53
\sf@captopadj=\dimen122
\sf@capskip=\skip54
\sf@nearskip=\skip55
\c@subfigure=\count126
\c@subfigure@save=\count127
\c@lofdepth=\count128
\c@subtable=\count129
\c@subtable@save=\count130
\c@lotdepth=\count131
\sf@top=\skip56
\sf@bottom=\skip57
)
("C:\Program Files\MiKTeX 2.9\tex\latex\tools\varioref.sty"
Package: varioref 2011/10/02 v1.4z package for extended references (FMi)
\c@vrcnt=\count132
)
("C:\Program Files\MiKTeX 2.9\tex\latex\graphics\color.sty"
Package: color 2005/11/14 v1.0j Standard LaTeX Color (DPC)

("C:\Program Files\MiKTeX 2.9\tex\latex\00miktex\color.cfg"
File: color.cfg 2007/01/18 v1.5 color configuration of teTeX/TeXLive
)
Package color Info: Driver file: pdftex.def on input line 130.
)
("C:\Program Files\MiKTeX 2.9\tex\latex\xcolor\xcolor.sty"
Package: xcolor 2007/01/21 v2.11 LaTeX color extensions (UK)

("C:\Program Files\MiKTeX 2.9\tex\latex\00miktex\color.cfg"
File: color.cfg 2007/01/18 v1.5 color configuration of teTeX/TeXLive
)
Package xcolor Info: Driver file: pdftex.def on input line 225.
LaTeX Info: Redefining \color on input line 702.
Package xcolor Info: Model `cmy' substituted by `cmy0' on input line 1337.
Package xcolor Info: Model `hsb' substituted by `rgb' on input line 1341.
Package xcolor Info: Model `RGB' extended on input line 1353.
Package xcolor Info: Model `HTML' substituted by `rgb' on input line 1355.
Package xcolor Info: Model `Hsb' substituted by `hsb' on input line 1356.
Package xcolor Info: Model `tHsb' substituted by `hsb' on input line 1357.
Package xcolor Info: Model `HSB' substituted by `hsb' on input line 1358.
Package xcolor Info: Model `Gray' substituted by `gray' on input line 1359.
Package xcolor Info: Model `wave' substituted by `hsb' on input line 1360.

("C:\Program Files\MiKTeX 2.9\tex\latex\graphics\dvipsnam.def"
File: dvipsnam.def 1999/02/16 v3.0i Driver-dependant file (DPC,SPQR)
))
("C:\Program Files\MiKTeX 2.9\tex\latex\colortbl\colortbl.sty"
Package: colortbl 2001/02/13 v0.1j Color table columns (DPC)

("C:\Program Files\MiKTeX 2.9\tex\latex\tools\array.sty"
Package: array 2008/09/09 v2.4c Tabular extension package (FMi)
\col@sep=\dimen123
\extrarowheight=\dimen124
\NC@list=\toks20
\extratabsurround=\skip58
\backup@length=\skip59
)
\everycr=\toks21
\minrowclearance=\skip60
)
("C:\Program Files\MiKTeX 2.9\tex\latex\booktabs\booktabs.sty"
Package: booktabs 2005/04/14 v1.61803 publication quality tables
\heavyrulewidth=\dimen125
\lightrulewidth=\dimen126
\cmidrulewidth=\dimen127
\belowrulesep=\dimen128
\belowbottomsep=\dimen129
\aboverulesep=\dimen130
\abovetopsep=\dimen131
\cmidrulesep=\dimen132
\cmidrulekern=\dimen133
\defaultaddspace=\dimen134
\@cmidla=\count133
\@cmidlb=\count134
\@aboverulesep=\dimen135
\@belowrulesep=\dimen136
\@thisruleclass=\count135
\@lastruleclass=\count136
\@thisrulewidth=\dimen137
)
("C:\Program Files\MiKTeX 2.9\tex\latex\tools\tabularx.sty"
Package: tabularx 1999/01/07 v2.07 `tabularx' package (DPC)
\TX@col@width=\dimen138
\TX@old@table=\dimen139
\TX@old@col=\dimen140
\TX@target=\dimen141
\TX@delta=\dimen142
\TX@cols=\count137
\TX@ftn=\toks22
)
("C:\Program Files\MiKTeX 2.9\tex\latex\tools\longtable.sty"
Package: longtable 2004/02/01 v4.11 Multi-page Table package (DPC)
\LTleft=\skip61
\LTright=\skip62
\LTpre=\skip63
\LTpost=\skip64
\LTchunksize=\count138
\LTcapwidth=\dimen143
\LT@head=\box29
\LT@firsthead=\box30
\LT@foot=\box31
\LT@lastfoot=\box32
\LT@cols=\count139
\LT@rows=\count140
\c@LT@tables=\count141
\c@LT@chunks=\count142
\LT@p@ftn=\toks23
)
("C:\Program Files\MiKTeX 2.9\tex\latex\carlisle\ltxtable.sty"
Package: ltxtable 1995/12/11 v0.2 longtable/tabularx merge (DPC)
)
("C:\Program Files\MiKTeX 2.9\tex\latex\glossaries\base\glossaries.sty"
Package: glossaries 2011/04/12 v3.01 (NLCT)

("C:\Program Files\MiKTeX 2.9\tex\latex\base\ifthen.sty"
Package: ifthen 2001/05/26 v1.1c Standard LaTeX ifthen package (DPC)
)
("C:\Program Files\MiKTeX 2.9\tex\latex\xkeyval\xkeyval.sty"
Package: xkeyval 2008/08/13 v2.6a package option processing (HA)

("C:\Program Files\MiKTeX 2.9\tex\generic\xkeyval\xkeyval.tex"
\XKV@toks=\toks24
\XKV@tempa@toks=\toks25
\XKV@depth=\count143
File: xkeyval.tex 2008/08/13 v2.6a key=value parser (HA)
))
("C:\Program Files\MiKTeX 2.9\tex\latex\glossaries\base\mfirstuc.sty"
Package: mfirstuc 2011/04/02 v1.05 (NLCT)
\@glsmfirst=\toks26
\@glsmrest=\toks27
)
("C:\Program Files\MiKTeX 2.9\tex\latex\xfor\xfor.sty"
Package: xfor 2009/02/05 v1.05 (NLCT)
)
("C:\Program Files\MiKTeX 2.9\tex\latex\ams\math\amsgen.sty"
File: amsgen.sty 1999/11/30 v2.0
\@emptytoks=\toks28
\ex@=\dimen144
)
("C:\Program Files\MiKTeX 2.9\tex\latex\beamer\base\translator\translator.sty"
Package: translator 2010/06/12 ver 1.10

("C:\Program Files\MiKTeX 2.9\tex\latex\beamer\base\translator\translator-langu
age-mappings.tex"))
\gls@level=\count144
\@gls@tmpb=\toks29
\gls@tmplen=\skip65
\glswrite=\write3
\glskeylisttok=\toks30
\glslabeltok=\toks31
\glsshorttok=\toks32
\glslongtok=\toks33

("C:\Program Files\MiKTeX 2.9\tex\latex\glossaries\styles\glossary-hypernav.sty
"
Package: glossary-hypernav 2007/07/04 v1.01 (NLCT)
) ("C:\Program Files\MiKTeX 2.9\tex\latex\glossaries\styles\glossary-list.sty"
Package: glossary-list 2011/03/28 v3.0 (NLCT)
\glslistdottedwidth=\skip66
) ("C:\Program Files\MiKTeX 2.9\tex\latex\glossaries\styles\glossary-long.sty"
Package: glossary-long 2011/03/28 v3.0 (NLCT)
\glsdescwidth=\skip67
\glspagelistwidth=\skip68
) ("C:\Program Files\MiKTeX 2.9\tex\latex\glossaries\styles\glossary-super.sty"
Package: glossary-super 2011/03/28 v3.0 (NLCT)

("C:\Program Files\MiKTeX 2.9\tex\latex\supertabular\supertabular.sty"
Package: supertabular 2004/02/20 v4.1e the supertabular environment
\c@tracingst=\count145
\ST@wd=\dimen145
\ST@rightskip=\skip69
\ST@leftskip=\skip70
\ST@parfillskip=\skip71
\ST@pageleft=\dimen146
\ST@headht=\dimen147
\ST@tailht=\dimen148
\ST@pagesofar=\dimen149
\ST@pboxht=\dimen150
\ST@lineht=\dimen151
\ST@stretchht=\dimen152
\ST@prevht=\dimen153
\ST@toadd=\dimen154
\ST@dimen=\dimen155
\ST@pbox=\box33
))
("C:\Program Files\MiKTeX 2.9\tex\latex\glossaries\styles\glossary-tree.sty"
Package: glossary-tree 2011/03/28 v3.0 (NLCT)
\glstreeindent=\skip72
))
("C:\Program Files\MiKTeX 2.9\tex\latex\biblatex\biblatex.sty"
Package: biblatex 2011/11/13 v1.7 programmable bibliographies

("C:\Program Files\MiKTeX 2.9\tex\latex\logreq\logreq.sty"
Package: logreq 2010/08/04 v1.0 xml request logger
\lrq@indent=\count146

("C:\Program Files\MiKTeX 2.9\tex\latex\logreq\logreq.def"
File: logreq.def 2010/08/04 v1.0 logreq spec v1.0
))
\c@listtotal=\count147
\c@listcount=\count148
\c@liststart=\count149
\c@liststop=\count150
\c@citecount=\count151
\c@citetotal=\count152
\c@multicitecount=\count153
\c@multicitetotal=\count154
\c@instcount=\count155
\c@maxnames=\count156
\c@minnames=\count157
\c@maxitems=\count158
\c@minitems=\count159
\c@citecounter=\count160
\c@savedcitecounter=\count161
\c@uniquelist=\count162
\c@uniquename=\count163
\c@refsection=\count164
\c@refsegment=\count165
\c@maxextrayear=\count166
\c@maxextraalpha=\count167
\c@abbrvpenalty=\count168
\c@highnamepenalty=\count169
\c@lownamepenalty=\count170
\c@maxparens=\count171
\c@parenlevel=\count172
\blx@tempcnta=\count173
\blx@tempcntb=\count174
\blx@tempcntc=\count175
\blx@maxsection=\count176
\blx@maxsegment=\count177
\blx@notetype=\count178
\blx@parenlevel@text=\count179
\blx@parenlevel@foot=\count180
\labelnumberwidth=\skip73
\labelalphawidth=\skip74
\shorthandwidth=\skip75
\biblabelsep=\skip76
\bibitemsep=\skip77
\bibnamesep=\skip78
\bibinitsep=\skip79
\bibparsep=\skip80
\bibhang=\skip81
\blx@auxin=\read1
\blx@auxout=\write4
\c@mincomprange=\count181
\c@maxcomprange=\count182
\c@mincompwidth=\count183
\c@labelname=\count184
\c@savedlabelname=\count185
\c@author=\count186
\c@savedauthor=\count187
\c@shortauthor=\count188
\c@savedshortauthor=\count189
\c@editor=\count190
\c@savededitor=\count191
\c@editora=\count192
\c@savededitora=\count193
\c@editorb=\count194
\c@savededitorb=\count195
\c@editorc=\count196
\c@savededitorc=\count197
\c@shorteditor=\count198
\c@savedshorteditor=\count199
\c@bookauthor=\count200
\c@savedbookauthor=\count201
\c@translator=\count202
\c@savedtranslator=\count203
\c@annotator=\count204
\c@savedannotator=\count205
\c@commentator=\count206
\c@savedcommentator=\count207
\c@introduction=\count208
\c@savedintroduction=\count209
\c@foreword=\count210
\c@savedforeword=\count211
\c@afterword=\count212
\c@savedafterword=\count213
\c@holder=\count214
\c@savedholder=\count215
\c@namea=\count216
\c@savednamea=\count217
\c@nameb=\count218
\c@savednameb=\count219
\c@namec=\count220
\c@savednamec=\count221
\c@institution=\count222
\c@savedinstitution=\count223
\c@language=\count224
\c@savedlanguage=\count225
\c@location=\count226
\c@savedlocation=\count227
\c@organization=\count228
\c@savedorganization=\count229
\c@origlocation=\count230
\c@savedoriglocation=\count231
\c@origpublisher=\count232
\c@savedorigpublisher=\count233
Normal \count register pool exhausted, switching to extended pool.
\c@pageref=\count277
\c@savedpageref=\count278
\c@publisher=\count279
\c@savedpublisher=\count280
\c@lista=\count281
\c@savedlista=\count282
\c@listb=\count283
\c@savedlistb=\count284
\c@listc=\count285
\c@savedlistc=\count286
\c@listd=\count287
\c@savedlistd=\count288
\c@liste=\count289
\c@savedliste=\count290
\c@listf=\count291
\c@savedlistf=\count292
Package biblatex Info: Trying to load compatibility code...
Package biblatex Info: ... file 'blx-compat.def' found.

("C:\Program Files\MiKTeX 2.9\tex\latex\biblatex\blx-compat.def"
File: blx-compat.def 2011/11/13 v1.7 biblatex generic compatibility
)
Package biblatex Info: Trying to load generic definitions...
Package biblatex Info: ... file 'biblatex.def' found.

("C:\Program Files\MiKTeX 2.9\tex\latex\biblatex\biblatex.def"
File: biblatex.def 2011/11/13 v1.7 biblatex generic definitions
\c@biburlnumpenalty=\count293
\c@biburlucpenalty=\count294
\c@biburllcpenalty=\count295
\c@smartand=\count296
)
Package biblatex Info: Trying to load bibliography style 'verbose-ibid'...
Package biblatex Info: ... file 'verbose-ibid.bbx' found.

("C:\Program Files\MiKTeX 2.9\tex\latex\biblatex\bbx\verbose-ibid.bbx"
File: verbose-ibid.bbx 2011/11/13 v1.7 biblatex bibliography style
Package biblatex Info: Trying to load bibliography style 'authortitle'...
Package biblatex Info: ... file 'authortitle.bbx' found.

("C:\Program Files\MiKTeX 2.9\tex\latex\biblatex\bbx\authortitle.bbx"
File: authortitle.bbx 2011/11/13 v1.7 biblatex bibliography style
Package biblatex Info: Trying to load bibliography style 'standard'...
Package biblatex Info: ... file 'standard.bbx' found.

("C:\Program Files\MiKTeX 2.9\tex\latex\biblatex\bbx\standard.bbx"
File: standard.bbx 2011/11/13 v1.7 biblatex bibliography style
)))
Package biblatex Info: Trying to load citation style 'verbose-ibid'...
Package biblatex Info: ... file 'verbose-ibid.cbx' found.

("C:\Program Files\MiKTeX 2.9\tex\latex\biblatex\cbx\verbose-ibid.cbx"
File: verbose-ibid.cbx 2011/11/13 v1.7 biblatex citation style
Package biblatex Info: Redefining '\cite'.
Package biblatex Info: Redefining '\parencite'.
Package biblatex Info: Redefining '\footcite'.
Package biblatex Info: Redefining '\footcitetext'.
Package biblatex Info: Redefining '\smartcite'.
Package biblatex Info: Redefining '\textcite'.
Package biblatex Info: Redefining '\textcites'.
)
Package biblatex Info: Trying to load configuration file...
Package biblatex Info: ... file 'biblatex.cfg' found.

("C:\Program Files\MiKTeX 2.9\tex\latex\biblatex\biblatex.cfg"
File: biblatex.cfg 
))
("C:\Program Files\MiKTeX 2.9\tex\latex\geometry\geometry.sty"
Package: geometry 2010/09/12 v5.6 Page Geometry
\Gm@cnth=\count297
\Gm@cntv=\count298
\c@Gm@tempcnt=\count299
\Gm@bindingoffset=\dimen156
\Gm@wd@mp=\dimen157
\Gm@odd@mp=\dimen158
\Gm@even@mp=\dimen159
\Gm@layoutwidth=\dimen160
\Gm@layoutheight=\dimen161
\Gm@layouthoffset=\dimen162
\Gm@layoutvoffset=\dimen163
\Gm@dimlist=\toks34

("C:\Program Files\MiKTeX 2.9\tex\latex\geometry\geometry.cfg"))
("C:\Program Files\MiKTeX 2.9\tex\latex\fancyhdr\fancyhdr.sty"
\fancy@headwidth=\skip82
\f@ncyO@elh=\skip83
\f@ncyO@erh=\skip84
\f@ncyO@olh=\skip85
\f@ncyO@orh=\skip86
\f@ncyO@elf=\skip87
\f@ncyO@erf=\skip88
\f@ncyO@olf=\skip89
\f@ncyO@orf=\skip90
)
(C:\Users\Maurizio2\Desktop\tesi_Mau_v.08\tesi-template\tesi-dati.tex)
(C:\Users\Maurizio2\Desktop\tesi_Mau_v.08\tesi-template\tesi-config.tex
(C:\Users\Maurizio2\Desktop\tesi_Mau_v.08\tesi-template\glossario.tex)
\glo@main@file=\write5
Package glossaries Info: Writing glossary file tesi.glo on input line 61.
\glo@acronym@file=\write6
Package glossaries Info: Writing glossary file tesi.acn on input line 61.
Package hyperref Info: Option `colorlinks' set `true' on input line 106.
Package hyperref Info: Option `linktocpage' set `true' on input line 106.
Package hyperref Info: Option `breaklinks' set `true' on input line 106.
Package hyperref Info: Option `pageanchor' set `true' on input line 106.
Package hyperref Info: Option `plainpages' set `false' on input line 106.
Package hyperref Info: Option `bookmarksnumbered' set `true' on input line 106.

Package hyperref Info: Option `bookmarksopen' set `true' on input line 106.
Package hyperref Info: Option `hypertexnames' set `true' on input line 106.

("C:\Program Files\MiKTeX 2.9\tex\latex\listings\lstlang1.sty"
File: lstlang1.sty 2004/09/05 1.3 listings language file
)
("C:\Program Files\MiKTeX 2.9\tex\latex\listings\lstlang2.sty"
File: lstlang2.sty 2004/09/05 1.3 listings language file
)
("C:\Program Files\MiKTeX 2.9\tex\latex\listings\lstlang3.sty"
File: lstlang3.sty 2004/09/05 1.3 listings language file
)
("C:\Program Files\MiKTeX 2.9\tex\latex\listings\lstlang1.sty"
File: lstlang1.sty 2004/09/05 1.3 listings language file
)
("C:\Program Files\MiKTeX 2.9\tex\latex\listings\lstlang2.sty"
File: lstlang2.sty 2004/09/05 1.3 listings language file
)
("C:\Program Files\MiKTeX 2.9\tex\latex\listings\lstlang3.sty"
File: lstlang3.sty 2004/09/05 1.3 listings language file
)
("C:\Program Files\MiKTeX 2.9\tex\latex\listings\lstlang1.sty"
File: lstlang1.sty 2004/09/05 1.3 listings language file
)
("C:\Program Files\MiKTeX 2.9\tex\latex\listings\lstlang2.sty"
File: lstlang2.sty 2004/09/05 1.3 listings language file
)
("C:\Program Files\MiKTeX 2.9\tex\latex\listings\lstlang3.sty"
File: lstlang3.sty 2004/09/05 1.3 listings language file
)
("C:\Program Files\MiKTeX 2.9\tex\latex\listings\lstmisc.sty"
File: lstmisc.sty 2007/02/22 1.4 (Carsten Heinz)
)
\c@riskcounter=\count300
\c@usecasecounter=\count301
)
Package csquotes Info: Checking for multilingual support...
Package csquotes Info: ... found 'babel' package.
Package csquotes Info: Adjusting default style.
Package csquotes Info: Redefining alias 'default' -> 'italian'.
Package biblatex Info: Trying to load language 'italian'...
Package biblatex Info: ... file 'italian.lbx' found.

("C:\Program Files\MiKTeX 2.9\tex\latex\biblatex\lbx\italian.lbx"
File: italian.lbx 2011/11/13 v1.7 biblatex localization
)
(C:\Users\Maurizio2\Desktop\tesi_Mau_v.08\tesi-template\tesi.aux)
LaTeX Font Info:    Checking defaults for OML/cmm/m/it on input line 113.
LaTeX Font Info:    ... okay on input line 113.
LaTeX Font Info:    Checking defaults for T1/cmr/m/n on input line 113.
LaTeX Font Info:    ... okay on input line 113.
LaTeX Font Info:    Checking defaults for OT1/cmr/m/n on input line 113.
LaTeX Font Info:    ... okay on input line 113.
LaTeX Font Info:    Checking defaults for OMS/cmsy/m/n on input line 113.
LaTeX Font Info:    ... okay on input line 113.
LaTeX Font Info:    Checking defaults for OMX/cmex/m/n on input line 113.
LaTeX Font Info:    ... okay on input line 113.
LaTeX Font Info:    Checking defaults for U/cmr/m/n on input line 113.
LaTeX Font Info:    ... okay on input line 113.
LaTeX Font Info:    Checking defaults for LGR/cmr/m/n on input line 113.
LaTeX Font Info:    Try loading font information for LGR+cmr on input line 113.


("C:\Program Files\MiKTeX 2.9\tex\generic\babel\lgrcmr.fd"
File: lgrcmr.fd 2008/06/17 v2.3 Greek Computer Modern
)
LaTeX Font Info:    ... okay on input line 113.
LaTeX Font Info:    Checking defaults for PD1/pdf/m/n on input line 113.
LaTeX Font Info:    ... okay on input line 113.
\AtBeginShipoutBox=\box34
Package hyperref Info: Link coloring ON on input line 113.
LaTeX Info: Redefining \ref on input line 113.
LaTeX Info: Redefining \pageref on input line 113.
LaTeX Info: Redefining \nameref on input line 113.
LaTeX Info: Redefining \Ref on input line 113.
Package caption Info: Begin \AtBeginDocument code.
Package caption Info: subfig package v1.3 is loaded.
Package caption Info: listings package is loaded.
Package caption Info: longtable package is loaded.

("C:\Program Files\MiKTeX 2.9\tex\latex\caption\ltcaption.sty"
Package: ltcaption 2011/09/12 v1.3 longtable captions (AR)
)
Package caption Info: supertabular package is loaded.
Package caption Info: End \AtBeginDocument code.

("C:\Program Files\MiKTeX 2.9\tex\context\base\supp-pdf.mkii"
[Loading MPS to PDF converter (version 2006.09.02).]
\scratchcounter=\count302
\scratchdimen=\dimen164
\scratchbox=\box35
\nofMPsegments=\count303
\nofMParguments=\count304
\everyMPshowfont=\toks35
\MPscratchCnt=\count305
\MPscratchDim=\dimen165
\MPnumerator=\count306
\makeMPintoPDFobject=\count307
\everyMPtoPDFconversion=\toks36
)
\c@lstlisting=\count308
LaTeX Info: Redefining \microtypecontext on input line 113.
Package microtype Info: Generating PDF output.
Package microtype Info: Character protrusion enabled (level 2).
Package microtype Info: Using default protrusion set `alltext'.
Package microtype Info: Automatic font expansion enabled (level 2),
(microtype)             stretch: 20, shrink: 20, step: 1, non-selected.
Package microtype Info: Using default expansion set `basictext'.
Package microtype Info: No tracking.
Package microtype Info: No adjustment of interword spacing.
Package microtype Info: No adjustment of character kerning.
 ("C:\Program Files\MiKTeX 2.9\tex\latex\microtype\mt-cmr.cfg"
File: mt-cmr.cfg 2009/11/09 v2.0 microtype config. file: Computer Modern Roman 
(RS)
)
("C:\Program Files\MiKTeX 2.9\tex\latex\glossaries\dict\glossaries-dictionary-E
nglish.dict"
Dictionary: glossaries-dictionary, Language: English 
)
("C:\Program Files\MiKTeX 2.9\tex\latex\glossaries\dict\glossaries-dictionary-I
talian.dict"
Dictionary: glossaries-dictionary, Language: Italian 
)
Package biblatex Info: Input encoding 'utf8' detected.
Package biblatex Info: Automatic encoding selection.
(biblatex)             Assuming data encoding 'utf8'.
Package biblatex Info: Trying to load bibliographic data...
Package biblatex Info: ... file 'tesi.bbl' found.
 (C:\Users\Maurizio2\Desktop\tesi_Mau_v.08\tesi-template\tesi.bbl)
Package biblatex Info: Reference section=0 on input line 113.
Package biblatex Info: Reference segment=0 on input line 113.
*geometry* driver: auto-detecting
*geometry* detected driver: pdftex
*geometry* verbose mode - [ preamble ] result:
* driver: pdftex
* paper: a4paper
* layout: <same size as paper>
* layoutoffset:(h,v)=(0.0pt,0.0pt)
* modes: twoside 
* h-part:(L,W,R)=(99.58464pt, 369.88583pt, 128.0374pt)
* v-part:(T,H,B)=(99.58464pt, 660.10394pt, 85.35826pt)
* \paperwidth=597.50787pt
* \paperheight=845.04684pt
* \textwidth=369.88583pt
* \textheight=660.10394pt
* \oddsidemargin=27.31465pt
* \evensidemargin=55.76741pt
* \topmargin=-2.75284pt
* \headheight=12.0pt
* \headsep=35.56593pt
* \topskip=10.0pt
* \footskip=25.29494pt
* \marginparwidth=115.0pt
* \marginparsep=7.0pt
* \columnsep=10.0pt
* \skip\footins=9.0pt plus 4.0pt minus 2.0pt
* \hoffset=0.0pt
* \voffset=0.0pt
* \mag=1000
* \@twocolumnfalse
* \@twosidetrue
* \@mparswitchtrue
* \@reversemarginfalse
* (1in=72.27pt=25.4mm, 1cm=28.453pt)


(C:\Users\Maurizio2\Desktop\tesi_Mau_v.08\tesi-template\inizio-fine/frontespizi
o.tex <immagini/logo-unipd.jpg, id=3, 198.7425pt x 175.6161pt>
File: immagini/logo-unipd.jpg Graphic file (type jpg)

<use immagini/logo-unipd.jpg>
Package pdftex.def Info: immagini/logo-unipd.jpg used on input line 32.
(pdftex.def)             Requested size: 193.20454pt x 170.71652pt.
 [1



{C:/ProgramData/MiKTeX/2.9/pdftex/config/pdftex.map} <C:/Users/Maurizio2/Deskto
p/tesi_Mau_v.08/tesi-template/immagini/logo-unipd.jpg>])
(C:\Users\Maurizio2\Desktop\tesi_Mau_v.08\tesi-template\inizio-fine/colophon.te
x
LaTeX Font Info:    Try loading font information for OMS+cmr on input line 19.
 ("C:\Program Files\MiKTeX 2.9\tex\latex\base\omscmr.fd"
File: omscmr.fd 1999/05/25 v2.5h Standard LaTeX font definitions
)
LaTeX Font Info:    Font shape `OMS/cmr/m/n' in size <10> not available
(Font)              Font shape `OMS/cmsy/m/n' tried instead on input line 19.
)
(C:\Users\Maurizio2\Desktop\tesi_Mau_v.08\tesi-template\inizio-fine/dedica.tex
[2

])
(C:\Users\Maurizio2\Desktop\tesi_Mau_v.08\tesi-template\inizio-fine/sommario.te
x [3

] [4

])
(C:\Users\Maurizio2\Desktop\tesi_Mau_v.08\tesi-template\inizio-fine/ringraziame
nti.tex [5] [6

]
Underfull \hbox (badness 10000) in paragraph at lines 30--31

 []


Underfull \hbox (badness 10000) in paragraph at lines 32--33

 []

)
(C:\Users\Maurizio2\Desktop\tesi_Mau_v.08\tesi-template\inizio-fine/indici.tex
[7] [8

] (C:\Users\Maurizio2\Desktop\tesi_Mau_v.08\tesi-template\tesi.toc
LaTeX Font Info:    External font `cmex10' loaded for size
(Font)              <7> on input line 7.
LaTeX Font Info:    External font `cmex10' loaded for size
(Font)              <5> on input line 7.

[9

]
File: immagini/logo-unipd.jpg Graphic file (type jpg)
 <use immagini/logo-unipd.jpg>
Package pdftex.def Info: immagini/logo-unipd.jpg used on input line 199.
(pdftex.def)             Requested size: 40.24815pt x 35.56593pt.


Package Fancyhdr Warning: \headheight is too small (12.0pt): 
 Make it at least 39.16597pt.
 We now make it that large for the rest of the document.
 This may cause the page layout to be inconsistent, however.

[10])
\tf@toc=\write7
File: immagini/logo-unipd.jpg Graphic file (type jpg)
 <use immagini/logo-unipd.jpg>
Package pdftex.def Info: immagini/logo-unipd.jpg used on input line 14.
(pdftex.def)             Requested size: 40.24815pt x 35.56593pt.


Package Fancyhdr Warning: \headheight is too small (12.0pt): 
 Make it at least 39.16597pt.
 We now make it that large for the rest of the document.
 This may cause the page layout to be inconsistent, however.

[11] (C:\Users\Maurizio2\Desktop\tesi_Mau_v.08\tesi-template\tesi.lof)
\tf@lof=\write8

(C:\Users\Maurizio2\Desktop\tesi_Mau_v.08\tesi-template\tesi.lot)
\tf@lot=\write9
 [12

])
(C:\Users\Maurizio2\Desktop\tesi_Mau_v.08\tesi-template\capitoli/capitolo-1.tex
Capitolo 1.

Underfull \hbox (badness 10000) in paragraph at lines 11--12

 []


Underfull \hbox (badness 10000) in paragraph at lines 13--15

 []


LaTeX Warning: Citation 'site:agile-manifesto' on page 1 undefined on input lin
e 17.


Underfull \hbox (badness 10000) in paragraph at lines 16--18

 []

LaTeX Font Info:    External font `cmex10' loaded for size
(Font)              <8> on input line 20.
LaTeX Font Info:    External font `cmex10' loaded for size
(Font)              <6> on input line 20.

LaTeX Warning: Citation 'womak:lean-thinking' on page 1 undefined on input line
 20.


Underfull \hbox (badness 10000) in paragraph at lines 19--21

 []


LaTeX Warning: Hyper reference `cap:analisi-requisiti' on page 1 undefined on i
nput line 40.


LaTeX Warning: Hyper reference `cap:progettazione-codifica' on page 1 undefined
 on input line 42.

[1




])
(C:\Users\Maurizio2\Desktop\tesi_Mau_v.08\tesi-template\capitoli/capitolo-2.tex
File: immagini/logo-unipd.jpg Graphic file (type jpg)
<use immagini/logo-unipd.jpg>
Package pdftex.def Info: immagini/logo-unipd.jpg used on input line 7.
(pdftex.def)             Requested size: 40.24815pt x 35.56593pt.


Package Fancyhdr Warning: \headheight is too small (12.0pt): 
 Make it at least 39.16597pt.
 We now make it that large for the rest of the document.
 This may cause the page layout to be inconsistent, however.

[2]
Capitolo 2.
LaTeX Font Info:    Try loading font information for T1+cmss on input line 11.
("C:\Program Files\MiKTeX 2.9\tex\latex\base\t1cmss.fd"
File: t1cmss.fd 1999/05/25 v2.5h Standard LaTeX font definitions
)
Underfull \hbox (badness 10000) in paragraph at lines 11--12

 []

)
(C:\Users\Maurizio2\Desktop\tesi_Mau_v.08\tesi-template\capitoli/capitolo-3.tex
[3

] [4

]
Capitolo 3.

Underfull \hbox (badness 10000) in paragraph at lines 11--12

 []


Underfull \hbox (badness 10000) in paragraph at lines 19--21

 []

)
(C:\Users\Maurizio2\Desktop\tesi_Mau_v.08\tesi-template\capitoli/capitolo-4.tex
[5] [6

]
Capitolo 4.

Underfull \hbox (badness 10000) in paragraph at lines 11--12

 []

[7] <immagini/tool1/UC1.png, id=419, 335.3328pt x 166.7028pt>
File: immagini/tool1/UC1.png Graphic file (type png)

<use immagini/tool1/UC1.png>
Package pdftex.def Info: immagini/tool1/UC1.png used on input line 38.
(pdftex.def)             Requested size: 332.89499pt x 165.4992pt.

<immagini/tool1/UC1-1.png, id=422, 435.5472pt x 447.5922pt>
File: immagini/tool1/UC1-1.png Graphic file (type png)

<use immagini/tool1/UC1-1.png>
Package pdftex.def Info: immagini/tool1/UC1-1.png used on input line 58.
(pdftex.def)             Requested size: 332.89499pt x 342.1064pt.


LaTeX Warning: `!h' float specifier changed to `!ht'.

<immagini/tool1/UC1-1-1.png, id=427, 445.665pt x 297.0297pt>
File: immagini/tool1/UC1-1-1.png Graphic file (type png)

<use immagini/tool1/UC1-1-1.png>
Package pdftex.def Info: immagini/tool1/UC1-1-1.png used on input line 84.
(pdftex.def)             Requested size: 332.89499pt x 221.86978pt.


LaTeX Warning: `!h' float specifier changed to `!ht'.

File: immagini/logo-unipd.jpg Graphic file (type jpg)
<use immagini/logo-unipd.jpg>
Package pdftex.def Info: immagini/logo-unipd.jpg used on input line 90.
(pdftex.def)             Requested size: 40.24815pt x 35.56593pt.


Package Fancyhdr Warning: \headheight is too small (12.0pt): 
 Make it at least 39.16597pt.
 We now make it that large for the rest of the document.
 This may cause the page layout to be inconsistent, however.

[8 <C:/Users/Maurizio2/Desktop/tesi_Mau_v.08/tesi-template/immagini/tool1/UC1.p
ng>]
Underfull \vbox (badness 10000) has occurred while \output is active []

File: immagini/logo-unipd.jpg Graphic file (type jpg)

<use immagini/logo-unipd.jpg>
Package pdftex.def Info: immagini/logo-unipd.jpg used on input line 90.
(pdftex.def)             Requested size: 40.24815pt x 35.56593pt.


Package Fancyhdr Warning: \headheight is too small (12.0pt): 
 Make it at least 39.16597pt.
 We now make it that large for the rest of the document.
 This may cause the page layout to be inconsistent, however.

[9 <C:/Users/Maurizio2/Desktop/tesi_Mau_v.08/tesi-template/immagini/tool1/UC1-1
.png> <C:/Users/Maurizio2/Desktop/tesi_Mau_v.08/tesi-template/immagini/tool1/UC
1-1-1.png>]
File: immagini/logo-unipd.jpg Graphic file (type jpg)
 <use immagini/logo-unipd.jpg>
Package pdftex.def Info: immagini/logo-unipd.jpg used on input line 132.
(pdftex.def)             Requested size: 40.24815pt x 35.56593pt.


Package Fancyhdr Warning: \headheight is too small (12.0pt): 
 Make it at least 39.16597pt.
 We now make it that large for the rest of the document.
 This may cause the page layout to be inconsistent, however.

[10] <immagini/tool1/UC1-1-4.png, id=454, 445.665pt x 658.3797pt>
File: immagini/tool1/UC1-1-4.png Graphic file (type png)

<use immagini/tool1/UC1-1-4.png>
Package pdftex.def Info: immagini/tool1/UC1-1-4.png used on input line 164.
(pdftex.def)             Requested size: 332.89499pt x 491.7844pt.


LaTeX Warning: `!h' float specifier changed to `!ht'.

File: immagini/logo-unipd.jpg Graphic file (type jpg)
<use immagini/logo-unipd.jpg>
Package pdftex.def Info: immagini/logo-unipd.jpg used on input line 195.
(pdftex.def)             Requested size: 40.24815pt x 35.56593pt.


Package Fancyhdr Warning: \headheight is too small (12.0pt): 
 Make it at least 39.16597pt.
 We now make it that large for the rest of the document.
 This may cause the page layout to be inconsistent, however.

[11]
File: immagini/logo-unipd.jpg Graphic file (type jpg)
 <use immagini/logo-unipd.jpg>
Package pdftex.def Info: immagini/logo-unipd.jpg used on input line 198.
(pdftex.def)             Requested size: 40.24815pt x 35.56593pt.


Package Fancyhdr Warning: \headheight is too small (12.0pt): 
 Make it at least 39.16597pt.
 We now make it that large for the rest of the document.
 This may cause the page layout to be inconsistent, however.

[12 <C:/Users/Maurizio2/Desktop/tesi_Mau_v.08/tesi-template/immagini/tool1/UC1-
1-4.png

pdfTeX warning: pdflatex.exe (file C:/Users/Maurizio2/Desktop/tesi_Mau_v.08/tes
i-template/immagini/tool1/UC1-1-4.png): large interlaced PNG might cause out of
 memory (use non-interlaced PNG to fix this)
>]
File: immagini/logo-unipd.jpg Graphic file (type jpg)
 <use immagini/logo-unipd.jpg>
Package pdftex.def Info: immagini/logo-unipd.jpg used on input line 240.
(pdftex.def)             Requested size: 40.24815pt x 35.56593pt.


Package Fancyhdr Warning: \headheight is too small (12.0pt): 
 Make it at least 39.16597pt.
 We now make it that large for the rest of the document.
 This may cause the page layout to be inconsistent, however.

[13]
Underfull \hbox (badness 10000) in paragraph at lines 259--260

 []

File: immagini/logo-unipd.jpg Graphic file (type jpg)
<use immagini/logo-unipd.jpg>
Package pdftex.def Info: immagini/logo-unipd.jpg used on input line 277.
(pdftex.def)             Requested size: 40.24815pt x 35.56593pt.


Package Fancyhdr Warning: \headheight is too small (12.0pt): 
 Make it at least 39.16597pt.
 We now make it that large for the rest of the document.
 This may cause the page layout to be inconsistent, however.

[14]
Overfull \hbox (31.73192pt too wide) in alignment at lines 296--340
 [] [] [] 
 []


Overfull \hbox (31.73192pt too wide) in alignment at lines 340--351
 [] [] [] 
 []

File: immagini/logo-unipd.jpg Graphic file (type jpg)
<use immagini/logo-unipd.jpg>
Package pdftex.def Info: immagini/logo-unipd.jpg used on input line 351.
(pdftex.def)             Requested size: 40.24815pt x 35.56593pt.


Package Fancyhdr Warning: \headheight is too small (12.0pt): 
 Make it at least 39.16597pt.
 We now make it that large for the rest of the document.
 This may cause the page layout to be inconsistent, however.

[15]
File: immagini/logo-unipd.jpg Graphic file (type jpg)
 <use immagini/logo-unipd.jpg>
Package pdftex.def Info: immagini/logo-unipd.jpg used on input line 351.
(pdftex.def)             Requested size: 40.24815pt x 35.56593pt.


Package Fancyhdr Warning: \headheight is too small (12.0pt): 
 Make it at least 39.16597pt.
 We now make it that large for the rest of the document.
 This may cause the page layout to be inconsistent, however.

[16]
Overfull \hbox (31.73192pt too wide) in alignment at lines 356--365
 [] [] [] 
 []


Underfull \hbox (badness 4726) in paragraph at lines 373--373
[]|\T1/cmr/m/n/10 (+20) Il pro-gram-ma de-ve fun-zio-na-re su
 []


Underfull \hbox (badness 5893) in paragraph at lines 375--375
[]|\T1/cmr/m/n/10 (+20) Il pro-gram-ma de-ve es-se-re scrit-to
 []


Overfull \hbox (31.73192pt too wide) in alignment at lines 370--379
 [] [] [] 
 []

File: immagini/logo-unipd.jpg Graphic file (type jpg)
<use immagini/logo-unipd.jpg>
Package pdftex.def Info: immagini/logo-unipd.jpg used on input line 388.
(pdftex.def)             Requested size: 40.24815pt x 35.56593pt.


Package Fancyhdr Warning: \headheight is too small (12.0pt): 
 Make it at least 39.16597pt.
 We now make it that large for the rest of the document.
 This may cause the page layout to be inconsistent, however.

[17]
LaTeX Font Info:    Try loading font information for T1+cmtt on input line 396.

 ("C:\Program Files\MiKTeX 2.9\tex\latex\base\t1cmtt.fd"
File: t1cmtt.fd 1999/05/25 v2.5h Standard LaTeX font definitions
)
Underfull \hbox (badness 10000) in paragraph at lines 396--397

 []


Underfull \hbox (badness 10000) in paragraph at lines 398--399

 []


Underfull \hbox (badness 10000) in paragraph at lines 400--401

 []


Underfull \hbox (badness 10000) in paragraph at lines 402--403

 []


<immagini/tool1/Tool-1-Diagramma-Classi.png, id=545, 678.6153pt x 1100.1903pt>
File: immagini/tool1/Tool-1-Diagramma-Classi.png Graphic file (type png)

<use immagini/tool1/Tool-1-Diagramma-Classi.png>
Package pdftex.def Info: immagini/tool1/Tool-1-Diagramma-Classi.png used on inp
ut line 411.
(pdftex.def)             Requested size: 362.48653pt x 587.68109pt.


LaTeX Warning: `!h' float specifier changed to `!ht'.

File: immagini/logo-unipd.jpg Graphic file (type jpg)
<use immagini/logo-unipd.jpg>
Package pdftex.def Info: immagini/logo-unipd.jpg used on input line 415.
(pdftex.def)             Requested size: 40.24815pt x 35.56593pt.


Package Fancyhdr Warning: \headheight is too small (12.0pt): 
 Make it at least 39.16597pt.
 We now make it that large for the rest of the document.
 This may cause the page layout to be inconsistent, however.

[18]
Underfull \vbox (badness 10000) has occurred while \output is active []

File: immagini/logo-unipd.jpg Graphic file (type jpg)

<use immagini/logo-unipd.jpg>
Package pdftex.def Info: immagini/logo-unipd.jpg used on input line 420.
(pdftex.def)             Requested size: 40.24815pt x 35.56593pt.


Package Fancyhdr Warning: \headheight is too small (12.0pt): 
 Make it at least 39.16597pt.
 We now make it that large for the rest of the document.
 This may cause the page layout to be inconsistent, however.

[19 <C:/Users/Maurizio2/Desktop/tesi_Mau_v.08/tesi-template/immagini/tool1/Tool
-1-Diagramma-Classi.png>]
File: immagini/logo-unipd.jpg Graphic file (type jpg)
 <use immagini/logo-unipd.jpg>
Package pdftex.def Info: immagini/logo-unipd.jpg used on input line 444.
(pdftex.def)             Requested size: 40.24815pt x 35.56593pt.


Package Fancyhdr Warning: \headheight is too small (12.0pt): 
 Make it at least 39.16597pt.
 We now make it that large for the rest of the document.
 This may cause the page layout to be inconsistent, however.

[20]
Underfull \hbox (badness 10000) in paragraph at lines 470--471

 []

File: immagini/logo-unipd.jpg Graphic file (type jpg)
<use immagini/logo-unipd.jpg>
Package pdftex.def Info: immagini/logo-unipd.jpg used on input line 471.
(pdftex.def)             Requested size: 40.24815pt x 35.56593pt.


Package Fancyhdr Warning: \headheight is too small (12.0pt): 
 Make it at least 39.16597pt.
 We now make it that large for the rest of the document.
 This may cause the page layout to be inconsistent, however.

[21])
(C:\Users\Maurizio2\Desktop\tesi_Mau_v.08\tesi-template\capitoli/capitolo-5.tex
File: immagini/logo-unipd.jpg Graphic file (type jpg)
<use immagini/logo-unipd.jpg>
Package pdftex.def Info: immagini/logo-unipd.jpg used on input line 7.
(pdftex.def)             Requested size: 40.24815pt x 35.56593pt.


Package Fancyhdr Warning: \headheight is too small (12.0pt): 
 Make it at least 39.16597pt.
 We now make it that large for the rest of the document.
 This may cause the page layout to be inconsistent, however.

[22]
Capitolo 5.

Underfull \hbox (badness 10000) in paragraph at lines 11--12

 []


Underfull \hbox (badness 10000) in paragraph at lines 16--17

 []


Underfull \hbox (badness 10000) in paragraph at lines 21--22

 []

[23

]

LaTeX Warning: `!h' float specifier changed to `!ht'.

File: immagini/logo-unipd.jpg Graphic file (type jpg)
<use immagini/logo-unipd.jpg>
Package pdftex.def Info: immagini/logo-unipd.jpg used on input line 101.
(pdftex.def)             Requested size: 40.24815pt x 35.56593pt.


Package Fancyhdr Warning: \headheight is too small (12.0pt): 
 Make it at least 39.16597pt.
 We now make it that large for the rest of the document.
 This may cause the page layout to be inconsistent, however.

[24]
File: immagini/logo-unipd.jpg Graphic file (type jpg)
 <use immagini/logo-unipd.jpg>
Package pdftex.def Info: immagini/logo-unipd.jpg used on input line 140.
(pdftex.def)             Requested size: 40.24815pt x 35.56593pt.


Package Fancyhdr Warning: \headheight is too small (12.0pt): 
 Make it at least 39.16597pt.
 We now make it that large for the rest of the document.
 This may cause the page layout to be inconsistent, however.

[25]
File: immagini/logo-unipd.jpg Graphic file (type jpg)
 <use immagini/logo-unipd.jpg>
Package pdftex.def Info: immagini/logo-unipd.jpg used on input line 197.
(pdftex.def)             Requested size: 40.24815pt x 35.56593pt.


Package Fancyhdr Warning: \headheight is too small (12.0pt): 
 Make it at least 39.16597pt.
 We now make it that large for the rest of the document.
 This may cause the page layout to be inconsistent, however.

[26]

LaTeX Warning: `!h' float specifier changed to `!ht'.

File: immagini/logo-unipd.jpg Graphic file (type jpg)
<use immagini/logo-unipd.jpg>
Package pdftex.def Info: immagini/logo-unipd.jpg used on input line 239.
(pdftex.def)             Requested size: 40.24815pt x 35.56593pt.


Package Fancyhdr Warning: \headheight is too small (12.0pt): 
 Make it at least 39.16597pt.
 We now make it that large for the rest of the document.
 This may cause the page layout to be inconsistent, however.

[27]
File: immagini/logo-unipd.jpg Graphic file (type jpg)
 <use immagini/logo-unipd.jpg>
Package pdftex.def Info: immagini/logo-unipd.jpg used on input line 284.
(pdftex.def)             Requested size: 40.24815pt x 35.56593pt.


Package Fancyhdr Warning: \headheight is too small (12.0pt): 
 Make it at least 39.16597pt.
 We now make it that large for the rest of the document.
 This may cause the page layout to be inconsistent, however.

[28]
File: immagini/logo-unipd.jpg Graphic file (type jpg)
 <use immagini/logo-unipd.jpg>
Package pdftex.def Info: immagini/logo-unipd.jpg used on input line 335.
(pdftex.def)             Requested size: 40.24815pt x 35.56593pt.


Package Fancyhdr Warning: \headheight is too small (12.0pt): 
 Make it at least 39.16597pt.
 We now make it that large for the rest of the document.
 This may cause the page layout to be inconsistent, however.

[29]
File: immagini/logo-unipd.jpg Graphic file (type jpg)
 <use immagini/logo-unipd.jpg>
Package pdftex.def Info: immagini/logo-unipd.jpg used on input line 375.
(pdftex.def)             Requested size: 40.24815pt x 35.56593pt.


Package Fancyhdr Warning: \headheight is too small (12.0pt): 
 Make it at least 39.16597pt.
 We now make it that large for the rest of the document.
 This may cause the page layout to be inconsistent, however.

[30]
File: immagini/logo-unipd.jpg Graphic file (type jpg)
 <use immagini/logo-unipd.jpg>
Package pdftex.def Info: immagini/logo-unipd.jpg used on input line 418.
(pdftex.def)             Requested size: 40.24815pt x 35.56593pt.


Package Fancyhdr Warning: \headheight is too small (12.0pt): 
 Make it at least 39.16597pt.
 We now make it that large for the rest of the document.
 This may cause the page layout to be inconsistent, however.

[31]
File: immagini/logo-unipd.jpg Graphic file (type jpg)
 <use immagini/logo-unipd.jpg>
Package pdftex.def Info: immagini/logo-unipd.jpg used on input line 466.
(pdftex.def)             Requested size: 40.24815pt x 35.56593pt.


Package Fancyhdr Warning: \headheight is too small (12.0pt): 
 Make it at least 39.16597pt.
 We now make it that large for the rest of the document.
 This may cause the page layout to be inconsistent, however.

[32]

LaTeX Warning: Hyper reference `subsec:XEUC1.7.3' on page 33 undefined on input
 line 488.

File: immagini/logo-unipd.jpg Graphic file (type jpg)
<use immagini/logo-unipd.jpg>
Package pdftex.def Info: immagini/logo-unipd.jpg used on input line 512.
(pdftex.def)             Requested size: 40.24815pt x 35.56593pt.


Package Fancyhdr Warning: \headheight is too small (12.0pt): 
 Make it at least 39.16597pt.
 We now make it that large for the rest of the document.
 This may cause the page layout to be inconsistent, however.

[33]
File: immagini/logo-unipd.jpg Graphic file (type jpg)
 <use immagini/logo-unipd.jpg>
Package pdftex.def Info: immagini/logo-unipd.jpg used on input line 554.
(pdftex.def)             Requested size: 40.24815pt x 35.56593pt.


Package Fancyhdr Warning: \headheight is too small (12.0pt): 
 Make it at least 39.16597pt.
 We now make it that large for the rest of the document.
 This may cause the page layout to be inconsistent, however.

[34]
File: immagini/logo-unipd.jpg Graphic file (type jpg)
 <use immagini/logo-unipd.jpg>
Package pdftex.def Info: immagini/logo-unipd.jpg used on input line 601.
(pdftex.def)             Requested size: 40.24815pt x 35.56593pt.


Package Fancyhdr Warning: \headheight is too small (12.0pt): 
 Make it at least 39.16597pt.
 We now make it that large for the rest of the document.
 This may cause the page layout to be inconsistent, however.

[35]
File: immagini/logo-unipd.jpg Graphic file (type jpg)
 <use immagini/logo-unipd.jpg>
Package pdftex.def Info: immagini/logo-unipd.jpg used on input line 643.
(pdftex.def)             Requested size: 40.24815pt x 35.56593pt.


Package Fancyhdr Warning: \headheight is too small (12.0pt): 
 Make it at least 39.16597pt.
 We now make it that large for the rest of the document.
 This may cause the page layout to be inconsistent, however.

[36]
File: immagini/logo-unipd.jpg Graphic file (type jpg)
 <use immagini/logo-unipd.jpg>
Package pdftex.def Info: immagini/logo-unipd.jpg used on input line 688.
(pdftex.def)             Requested size: 40.24815pt x 35.56593pt.


Package Fancyhdr Warning: \headheight is too small (12.0pt): 
 Make it at least 39.16597pt.
 We now make it that large for the rest of the document.
 This may cause the page layout to be inconsistent, however.

[37]
Underfull \hbox (badness 10000) in paragraph at lines 694--695

 []

pdfTeX warning (ext4): destination with the same identifier (name{R0F1}) has be
en already used, duplicate ignored
<to be read again> 
                   \relax 
l.734 ...row1}\hspace{0mm}\hypertarget{R0F1}{R0F1}
                                                    & Un utente pu effettu...
pdfTeX warning (ext4): destination with the same identifier (name{R0F1.1}) has 
been already used, duplicate ignored
<to be read again> 
                   \relax 
l.737 ...}\hspace{2mm}\hypertarget{R0F1.1}{R0F1.1}
                                                    & L'analisi richiede l'i...
pdfTeX warning (ext4): destination with the same identifier (name{R0F1.1.1}) ha
s been already used, duplicate ignored
<to be read again> 
                   \relax 
l.739 ...pace{4mm}\hypertarget{R0F1.1.1}{R0F1.1.1}
                                                    & L'analisi richiede l'i...
pdfTeX warning (ext4): destination with the same identifier (name{R0F1.1.2}) ha
s been already used, duplicate ignored
<to be read again> 
                   \relax 
l.741 ...pace{4mm}\hypertarget{R0F1.1.2}{R0F1.1.2}
                                                    & L'analisi richiede l'i...
pdfTeX warning (ext4): destination with the same identifier (name{R0F1.1.2.1}) 
has been already used, duplicate ignored
<to be read again> 
                   \relax 
l.743 ...{6mm}\hypertarget{R0F1.1.2.1}{R0F1.1.2.1}
                                                    & Il programma interpret...
pdfTeX warning (ext4): destination with the same identifier (name{R0F1.1.2.2}) 
has been already used, duplicate ignored
<to be read again> 
                   \relax 
l.745 ...{6mm}\hypertarget{R0F1.1.2.2}{R0F1.1.2.2}
                                                    & Il programma richiede ...
pdfTeX warning (ext4): destination with the same identifier (name{R0F1.1.3}) ha
s been already used, duplicate ignored
<to be read again> 
                   \relax 
l.747 ...pace{4mm}\hypertarget{R0F1.1.3}{R0F1.1.3}
                                                    & L'analisi richiede l'i...
pdfTeX warning (ext4): destination with the same identifier (name{R0F1.1.3.1}) 
has been already used, duplicate ignored
<to be read again> 
                   \relax 
l.749 ...{6mm}\hypertarget{R0F1.1.3.1}{R0F1.1.3.1}
                                                    & Il formato del tempo d...
pdfTeX warning (ext4): destination with the same identifier (name{R0F1.1.4}) ha
s been already used, duplicate ignored
<to be read again> 
                   \relax 
l.752 ...pace{4mm}\hypertarget{R0F1.1.4}{R0F1.1.4}
                                                    & Il programma deve memo...
pdfTeX warning (ext4): destination with the same identifier (name{R0F1.3}) has 
been already used, duplicate ignored
<to be read again> 
                   \relax 
l.755 ...}\hspace{2mm}\hypertarget{R0F1.3}{R0F1.3}
                                                   & Il programma mostra gli...
pdfTeX warning (ext4): destination with the same identifier (name{R0F1.3.1}) ha
s been already used, duplicate ignored
<to be read again> 
                   \relax 
l.757 ...pace{4mm}\hypertarget{R0F1.3.1}{R0F1.3.1}
                                                   & Il programma ferma l'av...
pdfTeX warning (ext4): destination with the same identifier (name{R0F1.3.2}) ha
s been already used, duplicate ignored
<to be read again> 
                   \relax 
l.759 ...pace{4mm}\hypertarget{R0F1.3.2}{R0F1.3.2}
                                                   & Il programma ferma l'av...
pdfTeX warning (ext4): destination with the same identifier (name{R0F1.3.3}) ha
s been already used, duplicate ignored
<to be read again> 
                   \relax 
l.761 ...pace{4mm}\hypertarget{R0F1.3.3}{R0F1.3.3}
                                                   & Il programma ferma l'av...
pdfTeX warning (ext4): destination with the same identifier (name{R0F1.3.4}) ha
s been already used, duplicate ignored
<to be read again> 
                   \relax 
l.763 ...pace{4mm}\hypertarget{R0F1.3.4}{R0F1.3.4}
                                                   & Il programma ferma l'av...
pdfTeX warning (ext4): destination with the same identifier (name{R0F1.4}) has 
been already used, duplicate ignored
<to be read again> 
                   \relax 
l.766 ...}\hspace{2mm}\hypertarget{R0F1.4}{R0F1.4}
                                                   & Il programma permette l...
pdfTeX warning (ext4): destination with the same identifier (name{R0F1.4.1}) ha
s been already used, duplicate ignored
<to be read again> 
                   \relax 
l.768 ...pace{4mm}\hypertarget{R0F1.4.1}{R0F1.4.1}
                                                   & Nell'output dell'analis...
pdfTeX warning (ext4): destination with the same identifier (name{R0F1.4.2}) ha
s been already used, duplicate ignored
<to be read again> 
                   \relax 
l.770 ...pace{4mm}\hypertarget{R0F1.4.2}{R0F1.4.2}
                                                   & Per ciascun file presen...
pdfTeX warning (ext4): destination with the same identifier (name{R0F1.4.3}) ha
s been already used, duplicate ignored
<to be read again> 
                   \relax 
l.772 ...pace{4mm}\hypertarget{R0F1.4.3}{R0F1.4.3}
                                                   & Per ciascun file presen...
pdfTeX warning (ext4): destination with the same identifier (name{R0F1.4.4}) ha
s been already used, duplicate ignored
<to be read again> 
                   \relax 
l.774 ...pace{4mm}\hypertarget{R0F1.4.4}{R0F1.4.4}
                                                   & Per ciascun file presen...

Overfull \hbox (31.73192pt too wide) in alignment at lines 731--775
 [] [] [] 
 []

pdfTeX warning (ext4): destination with the same identifier (name{R0F1.4.5}) ha
s been already used, duplicate ignored
<to be read again> 
                   \relax 
l.776 ...pace{4mm}\hypertarget{R0F1.4.5}{R0F1.4.5}
                                                   & Per ciascun file presen...
pdfTeX warning (ext4): destination with the same identifier (name{R0F1.4.5.1}) 
has been already used, duplicate ignored
<to be read again> 
                   \relax 
l.778 ...{6mm}\hypertarget{R0F1.4.5.1}{R0F1.4.5.1}
                                                   & Se il tempo massimo per...
pdfTeX warning (ext4): destination with the same identifier (name{R0F1.4.5.2}) 
has been already used, duplicate ignored
<to be read again> 
                   \relax 
l.780 ...{6mm}\hypertarget{R0F1.4.5.2}{R0F1.4.5.2}
                                                   & Il tempo  mostrato ne...
pdfTeX warning (ext4): destination with the same identifier (name{R0F1.4.6}) ha
s been already used, duplicate ignored
<to be read again> 
                   \relax 
l.782 ...pace{4mm}\hypertarget{R0F1.4.6}{R0F1.4.6}
                                                   & Il programma permette d...

Overfull \hbox (31.73192pt too wide) in alignment at lines 775--786
 [] [] [] 
 []

File: immagini/logo-unipd.jpg Graphic file (type jpg)
<use immagini/logo-unipd.jpg>
Package pdftex.def Info: immagini/logo-unipd.jpg used on input line 786.
(pdftex.def)             Requested size: 40.24815pt x 35.56593pt.


Package Fancyhdr Warning: \headheight is too small (12.0pt): 
 Make it at least 39.16597pt.
 We now make it that large for the rest of the document.
 This may cause the page layout to be inconsistent, however.

[38]
File: immagini/logo-unipd.jpg Graphic file (type jpg)
 <use immagini/logo-unipd.jpg>
Package pdftex.def Info: immagini/logo-unipd.jpg used on input line 786.
(pdftex.def)             Requested size: 40.24815pt x 35.56593pt.


Package Fancyhdr Warning: \headheight is too small (12.0pt): 
 Make it at least 39.16597pt.
 We now make it that large for the rest of the document.
 This may cause the page layout to be inconsistent, however.

[39]pdfTeX warning (ext4): destination with the same identifier (name{R0Q1}) ha
s been already used, duplicate ignored
<to be read again> 
                   \relax 
l.794 ...row1}\hspace{0mm}\hypertarget{R0Q1}{R0Q1}
                                                   & Viene fornito insieme a...
pdfTeX warning (ext4): destination with the same identifier (name{R0Q2}) has be
en already used, duplicate ignored
<to be read again> 
                   \relax 
l.796 ...row2}\hspace{0mm}\hypertarget{R0Q2}{R0Q2}
                                                   & Viene fornito un l'help...

Overfull \hbox (31.73192pt too wide) in alignment at lines 791--800
 [] [] [] 
 []

File: immagini/logo-unipd.jpg Graphic file (type jpg)
<use immagini/logo-unipd.jpg>
Package pdftex.def Info: immagini/logo-unipd.jpg used on input line 800.
(pdftex.def)             Requested size: 40.24815pt x 35.56593pt.


Package Fancyhdr Warning: \headheight is too small (12.0pt): 
 Make it at least 39.16597pt.
 We now make it that large for the rest of the document.
 This may cause the page layout to be inconsistent, however.

[40]pdfTeX warning (ext4): destination with the same identifier (name{R0V1}) ha
s been already used, duplicate ignored
<to be read again> 
                   \relax 
l.808 ...row1}\hspace{0mm}\hypertarget{R0V1}{R0V1}
                                                   & Il programma deve funzi...

Underfull \hbox (badness 4726) in paragraph at lines 808--808
[]|\T1/cmr/m/n/10 (+20) Il pro-gram-ma de-ve fun-zio-na-re su
 []

pdfTeX warning (ext4): destination with the same identifier (name{R0V2}) has be
en already used, duplicate ignored
<to be read again> 
                   \relax 
l.810 ...row2}\hspace{0mm}\hypertarget{R0V2}{R0V2}
                                                   & Il programma deve esser...

Underfull \hbox (badness 5893) in paragraph at lines 810--810
[]|\T1/cmr/m/n/10 (+20) Il pro-gram-ma de-ve es-se-re scrit-to
 []


Overfull \hbox (31.73192pt too wide) in alignment at lines 805--814
 [] [] [] 
 []


Underfull \hbox (badness 10000) in paragraph at lines 831--832

 []

File: immagini/logo-unipd.jpg Graphic file (type jpg)
<use immagini/logo-unipd.jpg>
Package pdftex.def Info: immagini/logo-unipd.jpg used on input line 832.
(pdftex.def)             Requested size: 40.24815pt x 35.56593pt.


Package Fancyhdr Warning: \headheight is too small (12.0pt): 
 Make it at least 39.16597pt.
 We now make it that large for the rest of the document.
 This may cause the page layout to be inconsistent, however.

[41]
Underfull \hbox (badness 10000) in paragraph at lines 833--834

 []


Underfull \hbox (badness 10000) in paragraph at lines 835--836

 []


Underfull \hbox (badness 10000) in paragraph at lines 837--838

 []

File: immagini/tool1/Tool-1-Diagramma-Classi.png Graphic file (type png)
<use immagini/tool1/Tool-1-Diagramma-Classi.png>
Package pdftex.def Info: immagini/tool1/Tool-1-Diagramma-Classi.png used on inp
ut line 846.
(pdftex.def)             Requested size: 362.48653pt x 587.68109pt.


LaTeX Warning: `!h' float specifier changed to `!ht'.

File: immagini/logo-unipd.jpg Graphic file (type jpg)
<use immagini/logo-unipd.jpg>
Package pdftex.def Info: immagini/logo-unipd.jpg used on input line 850.
(pdftex.def)             Requested size: 40.24815pt x 35.56593pt.


Package Fancyhdr Warning: \headheight is too small (12.0pt): 
 Make it at least 39.16597pt.
 We now make it that large for the rest of the document.
 This may cause the page layout to be inconsistent, however.

[42]
Underfull \vbox (badness 10000) has occurred while \output is active []

File: immagini/logo-unipd.jpg Graphic file (type jpg)

<use immagini/logo-unipd.jpg>
Package pdftex.def Info: immagini/logo-unipd.jpg used on input line 855.
(pdftex.def)             Requested size: 40.24815pt x 35.56593pt.


Package Fancyhdr Warning: \headheight is too small (12.0pt): 
 Make it at least 39.16597pt.
 We now make it that large for the rest of the document.
 This may cause the page layout to be inconsistent, however.

[43]
File: immagini/logo-unipd.jpg Graphic file (type jpg)
 <use immagini/logo-unipd.jpg>
Package pdftex.def Info: immagini/logo-unipd.jpg used on input line 879.
(pdftex.def)             Requested size: 40.24815pt x 35.56593pt.


Package Fancyhdr Warning: \headheight is too small (12.0pt): 
 Make it at least 39.16597pt.
 We now make it that large for the rest of the document.
 This may cause the page layout to be inconsistent, however.

[44]
Underfull \hbox (badness 10000) in paragraph at lines 905--906

 []

File: immagini/logo-unipd.jpg Graphic file (type jpg)
<use immagini/logo-unipd.jpg>
Package pdftex.def Info: immagini/logo-unipd.jpg used on input line 906.
(pdftex.def)             Requested size: 40.24815pt x 35.56593pt.


Package Fancyhdr Warning: \headheight is too small (12.0pt): 
 Make it at least 39.16597pt.
 We now make it that large for the rest of the document.
 This may cause the page layout to be inconsistent, however.

[45])
(C:\Users\Maurizio2\Desktop\tesi_Mau_v.08\tesi-template\capitoli/capitolo-6.tex
File: immagini/logo-unipd.jpg Graphic file (type jpg)
<use immagini/logo-unipd.jpg>
Package pdftex.def Info: immagini/logo-unipd.jpg used on input line 7.
(pdftex.def)             Requested size: 40.24815pt x 35.56593pt.


Package Fancyhdr Warning: \headheight is too small (12.0pt): 
 Make it at least 39.16597pt.
 We now make it that large for the rest of the document.
 This may cause the page layout to be inconsistent, however.

[46]
Capitolo 6.
)
(C:\Users\Maurizio2\Desktop\tesi_Mau_v.08\tesi-template\capitoli/capitolo-7.tex
[47

] [48

]
Capitolo 7.
)
(C:\Users\Maurizio2\Desktop\tesi_Mau_v.08\tesi-template\capitoli/capitolo-A.tex
[49] [50

]
Appendice A.
LaTeX Font Info:    External font `cmex10' loaded for size
(Font)              <9> on input line 10.
) [51] [52

]
No file tesi.gls.
No file tesi.acr.

(C:\Users\Maurizio2\Desktop\tesi_Mau_v.08\tesi-template\inizio-fine/bibliografi
a.tex
File: immagini/logo-unipd.jpg Graphic file (type jpg)
 <use immagini/logo-unipd.jpg>
Package pdftex.def Info: immagini/logo-unipd.jpg used on input line 10.
(pdftex.def)             Requested size: 40.24815pt x 35.56593pt.


Package Fancyhdr Warning: \headheight is too small (12.0pt): 
 Make it at least 39.16597pt.
 We now make it that large for the rest of the document.
 This may cause the page layout to be inconsistent, however.

[53] [54

]

LaTeX Warning: Empty bibliography on input line 16.


LaTeX Warning: Empty bibliography on input line 16.

) [55

]
Package atveryend Info: Empty hook `BeforeClearDocument' on input line 146.
Package atveryend Info: Empty hook `AfterLastShipout' on input line 146.
 (C:\Users\Maurizio2\Desktop\tesi_Mau_v.08\tesi-template\tesi.aux)
Package atveryend Info: Executing hook `AtVeryEndDocument' on input line 146.
Package atveryend Info: Empty hook `AtEndAfterFileList' on input line 146.


LaTeX Warning: There were undefined references.


Package biblatex Warning: Please (re)run Biber on the file:
(biblatex)                tesi
(biblatex)                and rerun LaTeX afterwards.

Package logreq Info: Writing requests to 'tesi.run.xml'.
Package atveryend Info: Empty hook `AtVeryVeryEnd' on input line 146.
 ) 
Here is how much of TeX's memory you used:
 19840 strings out of 494045
 311430 string characters out of 3148375
 653263 words of memory out of 3000000
 22178 multiletter control sequences out of 15000+200000
 33986 words of font info for 136 fonts, out of 3000000 for 9000
 717 hyphenation exceptions out of 8191
 61i,16n,122p,1300b,2341s stack positions out of 5000i,500n,10000p,200000b,50000s
pdfTeX warning (dest): name{glo:api} has been referenced but does not exist, 
replaced by a fixed one

{C:/Program Files/MiKTeX 2.9/fonts/enc/dvips/cm-super/cm-super-t1.enc}<C:/Progr
am Files/MiKTeX 2.9/fonts/type1/public/amsfonts/cm/cmsy10.pfb><C:/Program Files
/MiKTeX 2.9/fonts/type1/public/cm-super/sfbx0800.pfb><C:/Program Files/MiKTeX 2
.9/fonts/type1/public/cm-super/sfbx0900.pfb><C:/Program Files/MiKTeX 2.9/fonts/
type1/public/cm-super/sfbx1000.pfb><C:/Program Files/MiKTeX 2.9/fonts/type1/pub
lic/cm-super/sfbx1200.pfb><C:/Program Files/MiKTeX 2.9/fonts/type1/public/cm-su
per/sfbx1440.pfb><C:/Program Files/MiKTeX 2.9/fonts/type1/public/cm-super/sfbx1
728.pfb><C:/Program Files/MiKTeX 2.9/fonts/type1/public/cm-super/sfbx2074.pfb><
C:/Program Files/MiKTeX 2.9/fonts/type1/public/cm-super/sfbx2488.pfb><C:/Progra
m Files/MiKTeX 2.9/fonts/type1/public/cm-super/sfcc1000.pfb><C:/Program Files/M
iKTeX 2.9/fonts/type1/public/cm-super/sfcc1200.pfb><C:/Program Files/MiKTeX 2.9
/fonts/type1/public/cm-super/sfcc1440.pfb><C:/Program Files/MiKTeX 2.9/fonts/ty
pe1/public/cm-super/sfrm0600.pfb><C:/Program Files/MiKTeX 2.9/fonts/type1/publi
c/cm-super/sfrm0700.pfb><C:/Program Files/MiKTeX 2.9/fonts/type1/public/cm-supe
r/sfrm0800.pfb><C:/Program Files/MiKTeX 2.9/fonts/type1/public/cm-super/sfrm090
0.pfb><C:/Program Files/MiKTeX 2.9/fonts/type1/public/cm-super/sfrm1000.pfb><C:
/Program Files/MiKTeX 2.9/fonts/type1/public/cm-super/sfrm1200.pfb><C:/Program 
Files/MiKTeX 2.9/fonts/type1/public/cm-super/sfsi1000.pfb><C:/Program Files/MiK
TeX 2.9/fonts/type1/public/cm-super/sfsl1000.pfb><C:/Program Files/MiKTeX 2.9/f
onts/type1/public/cm-super/sfsl1200.pfb><C:/Program Files/MiKTeX 2.9/fonts/type
1/public/cm-super/sfti0800.pfb><C:/Program Files/MiKTeX 2.9/fonts/type1/public/
cm-super/sfti1000.pfb><C:/Program Files/MiKTeX 2.9/fonts/type1/public/cm-super/
sfti1200.pfb><C:/Program Files/MiKTeX 2.9/fonts/type1/public/cm-super/sftt0800.
pfb><C:/Program Files/MiKTeX 2.9/fonts/type1/public/cm-super/sftt1000.pfb>
Output written on tesi.pdf (67 pages, 1774797 bytes).
PDF statistics:
 1401 PDF objects out of 1440 (max. 8388607)
 345 named destinations out of 1000 (max. 500000)
 42015 words of extra memory for PDF output out of 42996 (max. 10000000)

